<?xml version="1.0" encoding="UTF-8"?>
<testsuite xmlns:xsi="http://www.w3.org/2001/XMLSchema-instance" xsi:noNamespaceSchemaLocation="https://maven.apache.org/surefire/maven-surefire-plugin/xsd/surefire-test-report.xsd" name="com.design.year.YearApplicationTests" time="5.853" tests="2" errors="1" skipped="0" failures="0">
  <properties>
[...]
</properties>
  <testcase name="test" classname="com.design.year.YearApplicationTests" time="0.284"/>
  <testcase name="test1" classname="com.design.year.YearApplicationTests" time="0.02">
    <error message="nested exception is org.apache.ibatis.exceptions.TooManyResultsException: Expected one result (or null) to be returned by selectOne(), but found: 34" type="org.mybatis.spring.MyBatisSystemException">org.mybatis.spring.MyBatisSystemException: nested exception is org.apache.ibatis.exceptions.TooManyResultsException: Expected one result (or null) to be returned by selectOne(), but found: 34
	at com.design.year.YearApplicationTests.test1(YearApplicationTests.java:46)
Caused by: org.apache.ibatis.exceptions.TooManyResultsException: Expected one result (or null) to be returned by selectOne(), but found: 34
	at com.design.year.YearApplicationTests.test1(YearApplicationTests.java:46)
</error>
  </testcase>
</testsuite>